android/baselineprofile/build/intermediates/manifest_merge_blame_file/nonMinifiedRelease/mergeNonMinifiedReleaseManifest/manifest-merger-blame-nonMinifiedRelease-report.txt
1<?xml version="1.0" encoding="utf-8"?>
2<manifest xmlns:android="http://schemas.android.com/apk/res/android"
3    package="com.github.heartratemonitor_compose.baselineprofile" >
4
5    <uses-sdk
5-->manifest\nonMinifiedRelease\tempFile2ProcessTestManifest2311430374494307555.xml:5:5-7:41
6        android:minSdkVersion="24"
6-->manifest\nonMinifiedRelease\tempFile2ProcessTestManifest2311430374494307555.xml:6:9-35
7        android:targetSdkVersion="37" />
7-->manifest\nonMinifiedRelease\tempFile2ProcessTestManifest2311430374494307555.xml:7:9-38
8
9    <instrumentation
9-->manifest\nonMinifiedRelease\tempFile2ProcessTestManifest2311430374494307555.xml:9:5-14:87
10        android:name="androidx.test.runner.AndroidJUnitRunner"
10-->manifest\nonMinifiedRelease\tempFile2ProcessTestManifest2311430374494307555.xml:10:9-63
11        android:functionalTest="false"
11-->manifest\nonMinifiedRelease\tempFile2ProcessTestManifest2311430374494307555.xml:11:9-39
12        android:handleProfiling="false"
12-->manifest\nonMinifiedRelease\tempFile2ProcessTestManifest2311430374494307555.xml:12:9-40
13        android:label="Tests for com.github.heartratemonitor_compose.baselineprofile"
13-->manifest\nonMinifiedRelease\tempFile2ProcessTestManifest2311430374494307555.xml:13:9-86
14        android:targetPackage="com.github.heartratemonitor_compose.baselineprofile" />
14-->manifest\nonMinifiedRelease\tempFile2ProcessTestManifest2311430374494307555.xml:14:9-84
15
16    <!--
17    QUERY_ALL_PACKAGES is used to enable macrobenchmarks to read package information from
18    potential target packages, e.g. for querying debuggable, profileable, or default launch intent.
19
20    This could also be done by making each macrobenchmark specify a <queries/> tag, with the
21    target package, but this removes the need for documenting that setup step, and detecting
22    misconfiguration.
23    -->
24    <uses-permission android:name="android.permission.QUERY_ALL_PACKAGES" />
24-->[androidx.benchmark:benchmark-macro:1.5.0-beta01] AndroidManifest.xml:31:5-33:53
24-->[androidx.benchmark:benchmark-macro:1.5.0-beta01] AndroidManifest.xml:32:9-61
25    <!--
26    This is needed to write benchmark report data to an external directory during instrumented
27    tests to allow the accompanying androidx.benchmark gradle plugin to pull the reports onto host
28     machine after the tests are done running.
29    -->
30    <uses-permission android:name="android.permission.WRITE_EXTERNAL_STORAGE" />
30-->[androidx.benchmark:benchmark-common:1.5.0-beta01] AndroidManifest.xml:27:5-81
30-->[androidx.benchmark:benchmark-common:1.5.0-beta01] AndroidManifest.xml:27:22-78
31    <!--
32         Internet permission is required for perfetto trace shell processor http server but
33        it's used to reach localhost only
34    -->
35    <uses-permission android:name="android.permission.INTERNET" />
35-->[androidx.benchmark:benchmark-common:1.5.0-beta01] AndroidManifest.xml:33:5-67
35-->[androidx.benchmark:benchmark-common:1.5.0-beta01] AndroidManifest.xml:33:22-64
36    <uses-permission android:name="android.permission.READ_EXTERNAL_STORAGE" />
37
38    <queries>
38-->[androidx.test:runner:1.7.0] AndroidManifest.xml:24:5-28:15
39        <package android:name="androidx.test.orchestrator" />
39-->[androidx.test:runner:1.7.0] AndroidManifest.xml:25:9-62
39-->[androidx.test:runner:1.7.0] AndroidManifest.xml:25:18-59
40        <package android:name="androidx.test.services" />
40-->[androidx.test:runner:1.7.0] AndroidManifest.xml:26:9-58
40-->[androidx.test:runner:1.7.0] AndroidManifest.xml:26:18-55
41        <package android:name="com.google.android.apps.common.testing.services" />
41-->[androidx.test:runner:1.7.0] AndroidManifest.xml:27:9-83
41-->[androidx.test:runner:1.7.0] AndroidManifest.xml:27:18-80
42    </queries>
43
44    <permission
44-->[androidx.core:core:1.9.0] AndroidManifest.xml:22:5-24:47
45        android:name="com.github.heartratemonitor_compose.baselineprofile.DYNAMIC_RECEIVER_NOT_EXPORTED_PERMISSION"
45-->[androidx.core:core:1.9.0] AndroidManifest.xml:23:9-81
46        android:protectionLevel="signature" />
46-->[androidx.core:core:1.9.0] AndroidManifest.xml:24:9-44
47
48    <uses-permission android:name="com.github.heartratemonitor_compose.baselineprofile.DYNAMIC_RECEIVER_NOT_EXPORTED_PERMISSION" />
48-->[androidx.core:core:1.9.0] AndroidManifest.xml:26:5-97
48-->[androidx.core:core:1.9.0] AndroidManifest.xml:26:22-94
49    <uses-permission android:name="android.permission.REORDER_TASKS" />
49-->[androidx.test:core:1.7.0] AndroidManifest.xml:24:5-72
49-->[androidx.test:core:1.7.0] AndroidManifest.xml:24:22-69
50
51    <application
51-->manifest\nonMinifiedRelease\tempFile2ProcessTestManifest2311430374494307555.xml:16:5-20
52        android:appComponentFactory="androidx.core.app.CoreComponentFactory"
52-->[androidx.core:core:1.9.0] AndroidManifest.xml:28:18-86
53        android:debuggable="true"
54        android:extractNativeLibs="false"
54-->INJECTED
55        android:networkSecurityConfig="@xml/network_security_config" > <!-- Activity used to block background content while benchmarks are running -->
55-->[androidx.benchmark:benchmark-common:1.5.0-beta01] AndroidManifest.xml:35:18-78
56        <activity
56-->[androidx.benchmark:benchmark-common:1.5.0-beta01] AndroidManifest.xml:38:9-41:80
57            android:name="androidx.benchmark.IsolationActivity"
57-->[androidx.benchmark:benchmark-common:1.5.0-beta01] AndroidManifest.xml:39:13-64
58            android:exported="true"
58-->[androidx.benchmark:benchmark-common:1.5.0-beta01] AndroidManifest.xml:40:13-36
59            android:theme="@android:style/Theme.Light.NoTitleBar.Fullscreen" /> <!-- For optional XrExtensions usage in GestureController -->
59-->[androidx.benchmark:benchmark-common:1.5.0-beta01] AndroidManifest.xml:41:13-77
60        <uses-library
60-->[androidx.test.uiautomator:uiautomator:2.4.0] AndroidManifest.xml:25:9-27:40
61            android:name="com.android.extensions.xr"
61-->[androidx.test.uiautomator:uiautomator:2.4.0] AndroidManifest.xml:26:13-53
62            android:required="false" />
62-->[androidx.test.uiautomator:uiautomator:2.4.0] AndroidManifest.xml:27:13-37
63
64        <receiver
64-->[androidx.tracing:tracing-perfetto:1.0.1] AndroidManifest.xml:24:9-37:20
65            android:name="androidx.tracing.perfetto.TracingReceiver"
65-->[androidx.tracing:tracing-perfetto:1.0.1] AndroidManifest.xml:25:13-69
66            android:directBootAware="false"
66-->[androidx.tracing:tracing-perfetto:1.0.1] AndroidManifest.xml:26:13-44
67            android:enabled="true"
67-->[androidx.tracing:tracing-perfetto:1.0.1] AndroidManifest.xml:27:13-35
68            android:exported="true"
68-->[androidx.tracing:tracing-perfetto:1.0.1] AndroidManifest.xml:28:13-36
69            android:permission="android.permission.DUMP" >
69-->[androidx.tracing:tracing-perfetto:1.0.1] AndroidManifest.xml:29:13-57
70
71            <!-- Note: DUMP above highly limits who can call the receiver; Shell has DUMP perm. -->
72            <intent-filter>
72-->[androidx.tracing:tracing-perfetto:1.0.1] AndroidManifest.xml:32:13-36:29
73                <action android:name="androidx.tracing.perfetto.action.ENABLE_TRACING" />
73-->[androidx.tracing:tracing-perfetto:1.0.1] AndroidManifest.xml:33:17-90
73-->[androidx.tracing:tracing-perfetto:1.0.1] AndroidManifest.xml:33:25-87
74                <action android:name="androidx.tracing.perfetto.action.ENABLE_TRACING_COLD_START" />
74-->[androidx.tracing:tracing-perfetto:1.0.1] AndroidManifest.xml:34:17-101
74-->[androidx.tracing:tracing-perfetto:1.0.1] AndroidManifest.xml:34:25-98
75                <action android:name="androidx.tracing.perfetto.action.DISABLE_TRACING_COLD_START" />
75-->[androidx.tracing:tracing-perfetto:1.0.1] AndroidManifest.xml:35:17-102
75-->[androidx.tracing:tracing-perfetto:1.0.1] AndroidManifest.xml:35:25-99
76            </intent-filter>
77        </receiver>
78
79        <provider
79-->[androidx.tracing:tracing-perfetto:1.0.1] AndroidManifest.xml:39:9-47:20
80            android:name="androidx.startup.InitializationProvider"
80-->[androidx.tracing:tracing-perfetto:1.0.1] AndroidManifest.xml:40:13-67
81            android:authorities="com.github.heartratemonitor_compose.baselineprofile.androidx-startup"
81-->[androidx.tracing:tracing-perfetto:1.0.1] AndroidManifest.xml:41:13-68
82            android:exported="false" >
82-->[androidx.tracing:tracing-perfetto:1.0.1] AndroidManifest.xml:42:13-37
83            <meta-data
83-->[androidx.tracing:tracing-perfetto:1.0.1] AndroidManifest.xml:44:13-46:52
84                android:name="androidx.tracing.perfetto.StartupTracingInitializer"
84-->[androidx.tracing:tracing-perfetto:1.0.1] AndroidManifest.xml:45:17-83
85                android:value="androidx.startup" />
85-->[androidx.tracing:tracing-perfetto:1.0.1] AndroidManifest.xml:46:17-49
86            <meta-data
86-->[androidx.profileinstaller:profileinstaller:1.4.1] AndroidManifest.xml:29:13-31:52
87                android:name="androidx.profileinstaller.ProfileInstallerInitializer"
87-->[androidx.profileinstaller:profileinstaller:1.4.1] AndroidManifest.xml:30:17-85
88                android:value="androidx.startup" />
88-->[androidx.profileinstaller:profileinstaller:1.4.1] AndroidManifest.xml:31:17-49
89        </provider>
90
91        <receiver
91-->[androidx.tracing:tracing-perfetto:1.0.1] AndroidManifest.xml:49:9-55:20
92            android:name="androidx.tracing.perfetto.StartupTracingConfigStoreIsEnabledGate"
92-->[androidx.tracing:tracing-perfetto:1.0.1] AndroidManifest.xml:50:13-92
93            android:directBootAware="false"
93-->[androidx.tracing:tracing-perfetto:1.0.1] AndroidManifest.xml:51:13-44
94            android:enabled="false"
94-->[androidx.tracing:tracing-perfetto:1.0.1] AndroidManifest.xml:52:13-36
95            android:exported="false" >
95-->[androidx.tracing:tracing-perfetto:1.0.1] AndroidManifest.xml:53:13-37
96        </receiver>
97        <receiver
97-->[androidx.profileinstaller:profileinstaller:1.4.1] AndroidManifest.xml:34:9-52:20
98            android:name="androidx.profileinstaller.ProfileInstallReceiver"
98-->[androidx.profileinstaller:profileinstaller:1.4.1] AndroidManifest.xml:35:13-76
99            android:directBootAware="false"
99-->[androidx.profileinstaller:profileinstaller:1.4.1] AndroidManifest.xml:36:13-44
100            android:enabled="true"
100-->[androidx.profileinstaller:profileinstaller:1.4.1] AndroidManifest.xml:37:13-35
101            android:exported="true"
101-->[androidx.profileinstaller:profileinstaller:1.4.1] AndroidManifest.xml:38:13-36
102            android:permission="android.permission.DUMP" >
102-->[androidx.profileinstaller:profileinstaller:1.4.1] AndroidManifest.xml:39:13-57
103            <intent-filter>
103-->[androidx.profileinstaller:profileinstaller:1.4.1] AndroidManifest.xml:40:13-42:29
104                <action android:name="androidx.profileinstaller.action.INSTALL_PROFILE" />
104-->[androidx.profileinstaller:profileinstaller:1.4.1] AndroidManifest.xml:41:17-91
104-->[androidx.profileinstaller:profileinstaller:1.4.1] AndroidManifest.xml:41:25-88
105            </intent-filter>
106            <intent-filter>
106-->[androidx.profileinstaller:profileinstaller:1.4.1] AndroidManifest.xml:43:13-45:29
107                <action android:name="androidx.profileinstaller.action.SKIP_FILE" />
107-->[androidx.profileinstaller:profileinstaller:1.4.1] AndroidManifest.xml:44:17-85
107-->[androidx.profileinstaller:profileinstaller:1.4.1] AndroidManifest.xml:44:25-82
108            </intent-filter>
109            <intent-filter>
109-->[androidx.profileinstaller:profileinstaller:1.4.1] AndroidManifest.xml:46:13-48:29
110                <action android:name="androidx.profileinstaller.action.SAVE_PROFILE" />
110-->[androidx.profileinstaller:profileinstaller:1.4.1] AndroidManifest.xml:47:17-88
110-->[androidx.profileinstaller:profileinstaller:1.4.1] AndroidManifest.xml:47:25-85
111            </intent-filter>
112            <intent-filter>
112-->[androidx.profileinstaller:profileinstaller:1.4.1] AndroidManifest.xml:49:13-51:29
113                <action android:name="androidx.profileinstaller.action.BENCHMARK_OPERATION" />
113-->[androidx.profileinstaller:profileinstaller:1.4.1] AndroidManifest.xml:50:17-95
113-->[androidx.profileinstaller:profileinstaller:1.4.1] AndroidManifest.xml:50:25-92
114            </intent-filter>
115        </receiver>
116
117        <activity
117-->[androidx.test:core:1.7.0] AndroidManifest.xml:27:9-34:20
118            android:name="androidx.test.core.app.InstrumentationActivityInvoker$BootstrapActivity"
118-->[androidx.test:core:1.7.0] AndroidManifest.xml:28:13-99
119            android:exported="true"
119-->[androidx.test:core:1.7.0] AndroidManifest.xml:29:13-36
120            android:theme="@style/WhiteBackgroundTheme" >
120-->[androidx.test:core:1.7.0] AndroidManifest.xml:30:13-56
121            <intent-filter android:priority="-100" >
121-->[androidx.test:core:1.7.0] AndroidManifest.xml:31:13-33:29
121-->[androidx.test:core:1.7.0] AndroidManifest.xml:31:28-51
122                <category android:name="android.intent.category.LAUNCHER" />
122-->[androidx.test:core:1.7.0] AndroidManifest.xml:32:17-77
122-->[androidx.test:core:1.7.0] AndroidManifest.xml:32:27-74
123            </intent-filter>
124        </activity>
125        <activity
125-->[androidx.test:core:1.7.0] AndroidManifest.xml:35:9-42:20
126            android:name="androidx.test.core.app.InstrumentationActivityInvoker$EmptyActivity"
126-->[androidx.test:core:1.7.0] AndroidManifest.xml:36:13-95
127            android:exported="true"
127-->[androidx.test:core:1.7.0] AndroidManifest.xml:37:13-36
128            android:theme="@style/WhiteBackgroundTheme" >
128-->[androidx.test:core:1.7.0] AndroidManifest.xml:38:13-56
129            <intent-filter android:priority="-100" >
129-->[androidx.test:core:1.7.0] AndroidManifest.xml:31:13-33:29
129-->[androidx.test:core:1.7.0] AndroidManifest.xml:31:28-51
130                <category android:name="android.intent.category.LAUNCHER" />
130-->[androidx.test:core:1.7.0] AndroidManifest.xml:32:17-77
130-->[androidx.test:core:1.7.0] AndroidManifest.xml:32:27-74
131            </intent-filter>
132        </activity>
133        <activity
133-->[androidx.test:core:1.7.0] AndroidManifest.xml:43:9-50:20
134            android:name="androidx.test.core.app.InstrumentationActivityInvoker$EmptyFloatingActivity"
134-->[androidx.test:core:1.7.0] AndroidManifest.xml:44:13-103
135            android:exported="true"
135-->[androidx.test:core:1.7.0] AndroidManifest.xml:45:13-36
136            android:theme="@style/WhiteBackgroundDialogTheme" >
136-->[androidx.test:core:1.7.0] AndroidManifest.xml:46:13-62
137            <intent-filter android:priority="-100" >
137-->[androidx.test:core:1.7.0] AndroidManifest.xml:31:13-33:29
137-->[androidx.test:core:1.7.0] AndroidManifest.xml:31:28-51
138                <category android:name="android.intent.category.LAUNCHER" />
138-->[androidx.test:core:1.7.0] AndroidManifest.xml:32:17-77
138-->[androidx.test:core:1.7.0] AndroidManifest.xml:32:27-74
139            </intent-filter>
140        </activity>
141    </application>
142
143</manifest>